{
  "Cucumber Features": {
    "coverage": {
      "/home/ubuntu/workspace/mak-169/app/models/user.rb": [
        1,
        null,
        null,
        1,
        null,
        1,
        1,
        null,
        null
      ],
      "/home/ubuntu/workspace/mak-169/app/models/project.rb": [
        1,
        null,
        1,
        null,
        1,
        1,
        null,
        1,
        null,
        null
      ],
      "/home/ubuntu/workspace/mak-169/app/models/company.rb": [
        1,
        null,
        1,
        null,
        1,
        0,
        null,
        null,
        null
      ],
      "/home/ubuntu/workspace/mak-169/app/controllers/info_controller.rb": [
        1,
        1,
        null,
        null,
        1,
        null,
        null,
        1,
        null,
        null,
        1,
        null,
        null,
        1,
        null,
        null,
        1,
        null,
        null
      ],
      "/home/ubuntu/workspace/mak-169/app/controllers/application_controller.rb": [
        1,
        null,
        null,
        1,
        null,
        null,
        null,
        null,
        null,
        null,
        null,
        null,
        null,
        null,
        null,
        null,
        null
      ],
      "/home/ubuntu/workspace/mak-169/app/helpers/application_helper.rb": [
        1,
        null
      ],
      "/home/ubuntu/workspace/mak-169/app/helpers/admin_helper.rb": [
        1,
        null
      ],
      "/home/ubuntu/workspace/mak-169/app/helpers/admin/projects_helper.rb": [
        1,
        null
      ],
      "/home/ubuntu/workspace/mak-169/app/helpers/contacts_helper.rb": [
        1,
        null
      ],
      "/home/ubuntu/workspace/mak-169/app/helpers/info_helper.rb": [
        1,
        null
      ],
      "/home/ubuntu/workspace/mak-169/app/controllers/admin/projects_controller.rb": [
        1,
        null,
        1,
        2,
        null,
        null
      ],
      "/home/ubuntu/workspace/mak-169/app/controllers/admin_controller.rb": [
        1,
        1,
        null,
        1,
        3,
        1,
        1,
        null,
        null,
        null
      ],
      "/home/ubuntu/workspace/mak-169/app/models/assignment.rb": [
        1,
        1,
        1,
        null
      ],
      "/home/ubuntu/workspace/mak-169/app/controllers/contacts_controller.rb": [
        1,
        1,
        10,
        null,
        null,
        null,
        null,
        null,
        null,
        null,
        null,
        1,
        4,
        null,
        4,
        4,
        2,
        2,
        2,
        null,
        2,
        2,
        null,
        null,
        null
      ],
      "/home/ubuntu/workspace/mak-169/app/models/contact.rb": [
        1,
        1,
        1,
        1,
        1,
        null,
        null,
        null,
        1,
        null,
        null,
        null,
        null,
        2,
        null,
        null
      ],
      "/home/ubuntu/workspace/mak-169/app/models/contact_form.rb": [
        1,
        1,
        1,
        1,
        null,
        1,
        1,
        null,
        null,
        null,
        1,
        null,
        null,
        null,
        null,
        1,
        null,
        null
      ],
      "/home/ubuntu/workspace/mak-169/app/mailers/user_mailer.rb": [
        1,
        1,
        null,
        1,
        1,
        1,
        1,
        null,
        null
      ],
      "/home/ubuntu/workspace/mak-169/app/mailers/application_mailer.rb": [
        1,
        1,
        1,
        null
      ],
      "/home/ubuntu/workspace/mak-169/app/controllers/users_controller.rb": [
        0,
        0,
        0,
        0,
        0,
        0,
        0,
        0,
        0,
        0
      ],
      "/home/ubuntu/workspace/mak-169/app/controllers/projects_controller.rb": [
        0,
        0,
        0,
        0,
        0,
        0,
        0,
        0,
        0
      ]
    },
    "timestamp": 1460739412
  },
  "RSpec": {
    "coverage": {
      "/home/ubuntu/workspace/mak-169/app/models/user.rb": [
        1,
        null,
        null,
        1,
        null,
        1,
        1,
        null,
        null,
        null
      ],
      "/home/ubuntu/workspace/mak-169/app/helpers/admin_helper.rb": [
        1,
        null
      ],
      "/home/ubuntu/workspace/mak-169/app/helpers/admin/projects_helper.rb": [
        1,
        null
      ],
      "/home/ubuntu/workspace/mak-169/app/helpers/application_helper.rb": [
        1,
        null
      ],
      "/home/ubuntu/workspace/mak-169/app/helpers/contacts_helper.rb": [
        1,
        null
      ],
      "/home/ubuntu/workspace/mak-169/app/helpers/info_helper.rb": [
        1,
        null
      ],
      "/home/ubuntu/workspace/mak-169/app/controllers/admin_controller.rb": [
        1,
        1,
        null,
        1,
        0,
        0,
        0,
        null,
        null,
        null
      ],
      "/home/ubuntu/workspace/mak-169/app/controllers/application_controller.rb": [
        1,
        null,
        null,
        1,
        null,
        null,
        null,
        null,
        null,
        null,
        null,
        null,
        null,
        null,
        null,
        null,
        null
      ],
      "/home/ubuntu/workspace/mak-169/app/controllers/contacts_controller.rb": [
        0,
        0,
        0,
        0,
        0,
        0,
        0,
        0,
        0,
        0,
        0,
        0,
        0,
        0,
        0,
        0,
        0,
        0,
        0,
        0,
        0,
        0,
        0,
        0,
        0
      ],
      "/home/ubuntu/workspace/mak-169/app/controllers/users_controller.rb": [
        0,
        0,
        0,
        0,
        0,
        0,
        0,
        0,
        0,
        0
      ],
      "/home/ubuntu/workspace/mak-169/app/controllers/info_controller.rb": [
        0,
        0,
        0,
        0,
        0,
        0,
        0,
        0,
        0,
        0,
        0,
        0,
        0,
        0,
        0,
        0,
        0,
        0,
        0
      ],
      "/home/ubuntu/workspace/mak-169/app/controllers/admin/projects_controller.rb": [
        0,
        0,
        0,
        0,
        0,
        0
      ],
      "/home/ubuntu/workspace/mak-169/app/controllers/projects_controller.rb": [
        0,
        0,
        0,
        0,
        0,
        0,
        0,
        0,
        0
      ],
      "/home/ubuntu/workspace/mak-169/app/models/contact_form.rb": [
        0,
        0,
        0,
        0,
        0,
        0,
        0,
        0,
        0,
        0,
        0,
        0,
        0,
        0,
        0,
        0,
        0,
        0
      ],
      "/home/ubuntu/workspace/mak-169/app/models/project.rb": [
        0,
        0,
        0,
        0,
        0,
        0,
        0,
        0,
        0,
        0
      ],
      "/home/ubuntu/workspace/mak-169/app/models/assignment.rb": [
        0,
        0,
        0,
        0
      ],
      "/home/ubuntu/workspace/mak-169/app/models/contact.rb": [
        0,
        0,
        0,
        0,
        0,
        0,
        0,
        0,
        0,
        0,
        0,
        0,
        0,
        0,
        0,
        0
      ],
      "/home/ubuntu/workspace/mak-169/app/models/company.rb": [
        0,
        0,
        0,
        0,
        0,
        0,
        0,
        0,
        0
      ],
      "/home/ubuntu/workspace/mak-169/app/mailers/user_mailer.rb": [
        0,
        0,
        0,
        0,
        0,
        0,
        0,
        0,
        0
      ],
      "/home/ubuntu/workspace/mak-169/app/mailers/application_mailer.rb": [
        0,
        0,
        0,
        0
      ]
    },
    "timestamp": 1460718487
  }
}
